{"/media/hazem/9EDED1C5DED1963D/Hazem/Coding/Redux/redux-starter/src/math.js": {"path":"/media/hazem/9EDED1C5DED1963D/Hazem/Coding/Redux/redux-starter/src/math.js","statementMap":{"0":{"start":{"line":1,"column":22},"end":{"line":1,"column":50}},"1":{"start":{"line":1,"column":34},"end":{"line":1,"column":50}}},"fnMap":{"0":{"name":"(anonymous_0)","decl":{"start":{"line":1,"column":22},"end":{"line":1,"column":23}},"loc":{"start":{"line":1,"column":34},"end":{"line":1,"column":50}},"line":1}},"branchMap":{},"s":{"0":1,"1":2},"f":{"0":2},"b":{},"_coverageSchema":"1a1c01bbd47fc00a2c39e90264f33305004495a9","hash":"41cc7f47b65eaea1f7668477f7f353dba988072c"}
,"/media/hazem/9EDED1C5DED1963D/Hazem/Coding/Redux/redux-starter/src/store/api.js": {"path":"/media/hazem/9EDED1C5DED1963D/Hazem/Coding/Redux/redux-starter/src/store/api.js","statementMap":{"0":{"start":{"line":3,"column":21},"end":{"line":3,"column":50}},"1":{"start":{"line":4,"column":23},"end":{"line":4,"column":54}},"2":{"start":{"line":5,"column":22},"end":{"line":5,"column":52}},"3":{"start":{"line":7,"column":16},"end":{"line":11,"column":1}}},"fnMap":{},"branchMap":{},"s":{"0":1,"1":1,"2":1,"3":1},"f":{},"b":{},"_coverageSchema":"1a1c01bbd47fc00a2c39e90264f33305004495a9","hash":"bc4a2de2f8eb8fc8b540b362b0f525581021ef5d"}
,"/media/hazem/9EDED1C5DED1963D/Hazem/Coding/Redux/redux-starter/src/store/bugs.js": {"path":"/media/hazem/9EDED1C5DED1963D/Hazem/Coding/Redux/redux-starter/src/store/bugs.js","statementMap":{"0":{"start":{"line":8,"column":14},"end":{"line":60,"column":2}},"1":{"start":{"line":17,"column":6},"end":{"line":17,"column":26}},"2":{"start":{"line":18,"column":6},"end":{"line":18,"column":18}},"3":{"start":{"line":21,"column":6},"end":{"line":21,"column":40}},"4":{"start":{"line":22,"column":6},"end":{"line":22,"column":27}},"5":{"start":{"line":23,"column":6},"end":{"line":23,"column":34}},"6":{"start":{"line":24,"column":6},"end":{"line":24,"column":18}},"7":{"start":{"line":27,"column":6},"end":{"line":27,"column":27}},"8":{"start":{"line":28,"column":6},"end":{"line":28,"column":18}},"9":{"start":{"line":31,"column":6},"end":{"line":31,"column":37}},"10":{"start":{"line":34,"column":6},"end":{"line":34,"column":74}},"11":{"start":{"line":34,"column":44},"end":{"line":34,"column":72}},"12":{"start":{"line":37,"column":20},"end":{"line":39,"column":8}},"13":{"start":{"line":38,"column":8},"end":{"line":38,"column":44}},"14":{"start":{"line":40,"column":6},"end":{"line":40,"column":39}},"15":{"start":{"line":41,"column":6},"end":{"line":41,"column":18}},"16":{"start":{"line":44,"column":6},"end":{"line":44,"column":32}},"17":{"start":{"line":45,"column":6},"end":{"line":45,"column":24}},"18":{"start":{"line":46,"column":6},"end":{"line":46,"column":18}},"19":{"start":{"line":47,"column":6},"end":{"line":47,"column":24}},"20":{"start":{"line":48,"column":6},"end":{"line":48,"column":33}},"21":{"start":{"line":49,"column":6},"end":{"line":49,"column":18}},"22":{"start":{"line":52,"column":23},"end":{"line":54,"column":8}},"23":{"start":{"line":53,"column":8},"end":{"line":53,"column":44}},"24":{"start":{"line":55,"column":6},"end":{"line":55,"column":38}},"25":{"start":{"line":56,"column":6},"end":{"line":56,"column":57}},"26":{"start":{"line":57,"column":6},"end":{"line":57,"column":18}},"27":{"start":{"line":71,"column":4},"end":{"line":71,"column":17}},"28":{"start":{"line":75,"column":12},"end":{"line":75,"column":19}},"29":{"start":{"line":76,"column":24},"end":{"line":89,"column":1}},"30":{"start":{"line":76,"column":30},"end":{"line":89,"column":1}},"31":{"start":{"line":77,"column":24},"end":{"line":77,"column":48}},"32":{"start":{"line":79,"column":2},"end":{"line":79,"column":45}},"33":{"start":{"line":79,"column":38},"end":{"line":79,"column":45}},"34":{"start":{"line":81,"column":2},"end":{"line":88,"column":4}},"35":{"start":{"line":91,"column":22},"end":{"line":98,"column":1}},"36":{"start":{"line":92,"column":2},"end":{"line":97,"column":5}},"37":{"start":{"line":99,"column":26},"end":{"line":106,"column":1}},"38":{"start":{"line":100,"column":2},"end":{"line":105,"column":5}},"39":{"start":{"line":107,"column":31},"end":{"line":114,"column":1}},"40":{"start":{"line":108,"column":2},"end":{"line":113,"column":5}},"41":{"start":{"line":117,"column":33},"end":{"line":120,"column":1}},"42":{"start":{"line":118,"column":13},"end":{"line":118,"column":32}},"43":{"start":{"line":119,"column":12},"end":{"line":119,"column":52}},"44":{"start":{"line":119,"column":38},"end":{"line":119,"column":51}},"45":{"start":{"line":122,"column":29},"end":{"line":126,"column":3}},"46":{"start":{"line":123,"column":2},"end":{"line":126,"column":3}},"47":{"start":{"line":124,"column":15},"end":{"line":124,"column":34}},"48":{"start":{"line":125,"column":14},"end":{"line":125,"column":66}},"49":{"start":{"line":125,"column":40},"end":{"line":125,"column":65}}},"fnMap":{"0":{"name":"(anonymous_0)","decl":{"start":{"line":16,"column":19},"end":{"line":16,"column":20}},"loc":{"start":{"line":16,"column":37},"end":{"line":19,"column":5}},"line":16},"1":{"name":"(anonymous_1)","decl":{"start":{"line":20,"column":18},"end":{"line":20,"column":19}},"loc":{"start":{"line":20,"column":36},"end":{"line":25,"column":5}},"line":20},"2":{"name":"(anonymous_2)","decl":{"start":{"line":26,"column":23},"end":{"line":26,"column":24}},"loc":{"start":{"line":26,"column":41},"end":{"line":29,"column":5}},"line":26},"3":{"name":"(anonymous_3)","decl":{"start":{"line":30,"column":14},"end":{"line":30,"column":15}},"loc":{"start":{"line":30,"column":32},"end":{"line":32,"column":5}},"line":30},"4":{"name":"(anonymous_4)","decl":{"start":{"line":33,"column":16},"end":{"line":33,"column":17}},"loc":{"start":{"line":33,"column":34},"end":{"line":35,"column":5}},"line":33},"5":{"name":"(anonymous_5)","decl":{"start":{"line":34,"column":35},"end":{"line":34,"column":36}},"loc":{"start":{"line":34,"column":44},"end":{"line":34,"column":72}},"line":34},"6":{"name":"(anonymous_6)","decl":{"start":{"line":36,"column":17},"end":{"line":36,"column":18}},"loc":{"start":{"line":36,"column":35},"end":{"line":42,"column":5}},"line":36},"7":{"name":"(anonymous_7)","decl":{"start":{"line":37,"column":40},"end":{"line":37,"column":41}},"loc":{"start":{"line":37,"column":49},"end":{"line":39,"column":7}},"line":37},"8":{"name":"(anonymous_8)","decl":{"start":{"line":43,"column":14},"end":{"line":43,"column":15}},"loc":{"start":{"line":43,"column":32},"end":{"line":50,"column":5}},"line":43},"9":{"name":"(anonymous_9)","decl":{"start":{"line":51,"column":17},"end":{"line":51,"column":18}},"loc":{"start":{"line":51,"column":35},"end":{"line":58,"column":5}},"line":51},"10":{"name":"(anonymous_10)","decl":{"start":{"line":52,"column":43},"end":{"line":52,"column":44}},"loc":{"start":{"line":52,"column":52},"end":{"line":54,"column":7}},"line":52},"11":{"name":"(anonymous_11)","decl":{"start":{"line":76,"column":24},"end":{"line":76,"column":25}},"loc":{"start":{"line":76,"column":30},"end":{"line":89,"column":1}},"line":76},"12":{"name":"(anonymous_12)","decl":{"start":{"line":76,"column":30},"end":{"line":76,"column":31}},"loc":{"start":{"line":76,"column":54},"end":{"line":89,"column":1}},"line":76},"13":{"name":"(anonymous_13)","decl":{"start":{"line":91,"column":22},"end":{"line":91,"column":23}},"loc":{"start":{"line":91,"column":31},"end":{"line":98,"column":1}},"line":91},"14":{"name":"(anonymous_14)","decl":{"start":{"line":99,"column":26},"end":{"line":99,"column":27}},"loc":{"start":{"line":99,"column":34},"end":{"line":106,"column":1}},"line":99},"15":{"name":"(anonymous_15)","decl":{"start":{"line":107,"column":31},"end":{"line":107,"column":32}},"loc":{"start":{"line":107,"column":50},"end":{"line":114,"column":1}},"line":107},"16":{"name":"(anonymous_16)","decl":{"start":{"line":118,"column":2},"end":{"line":118,"column":3}},"loc":{"start":{"line":118,"column":13},"end":{"line":118,"column":32}},"line":118},"17":{"name":"(anonymous_17)","decl":{"start":{"line":119,"column":2},"end":{"line":119,"column":3}},"loc":{"start":{"line":119,"column":12},"end":{"line":119,"column":52}},"line":119},"18":{"name":"(anonymous_18)","decl":{"start":{"line":119,"column":29},"end":{"line":119,"column":30}},"loc":{"start":{"line":119,"column":38},"end":{"line":119,"column":51}},"line":119},"19":{"name":"(anonymous_19)","decl":{"start":{"line":122,"column":29},"end":{"line":122,"column":30}},"loc":{"start":{"line":123,"column":2},"end":{"line":126,"column":3}},"line":123},"20":{"name":"(anonymous_20)","decl":{"start":{"line":124,"column":4},"end":{"line":124,"column":5}},"loc":{"start":{"line":124,"column":15},"end":{"line":124,"column":34}},"line":124},"21":{"name":"(anonymous_21)","decl":{"start":{"line":125,"column":4},"end":{"line":125,"column":5}},"loc":{"start":{"line":125,"column":14},"end":{"line":125,"column":66}},"line":125},"22":{"name":"(anonymous_22)","decl":{"start":{"line":125,"column":31},"end":{"line":125,"column":32}},"loc":{"start":{"line":125,"column":40},"end":{"line":125,"column":65}},"line":125}},"branchMap":{"0":{"loc":{"start":{"line":79,"column":2},"end":{"line":79,"column":45}},"type":"if","locations":[{"start":{"line":79,"column":2},"end":{"line":79,"column":45}},{"start":{},"end":{}}],"line":79}},"s":{"0":1,"1":0,"2":0,"3":0,"4":0,"5":0,"6":0,"7":0,"8":0,"9":3,"10":0,"11":0,"12":1,"13":1,"14":1,"15":1,"16":0,"17":0,"18":0,"19":0,"20":0,"21":0,"22":0,"23":0,"24":0,"25":0,"26":0,"27":1,"28":1,"29":1,"30":0,"31":0,"32":0,"33":0,"34":0,"35":1,"36":4,"37":1,"38":2,"39":1,"40":0,"41":1,"42":1,"43":1,"44":3,"45":1,"46":0,"47":0,"48":0,"49":0},"f":{"0":0,"1":0,"2":0,"3":3,"4":0,"5":0,"6":1,"7":1,"8":0,"9":0,"10":0,"11":0,"12":0,"13":4,"14":2,"15":0,"16":1,"17":1,"18":3,"19":0,"20":0,"21":0,"22":0},"b":{"0":[0,0]},"_coverageSchema":"1a1c01bbd47fc00a2c39e90264f33305004495a9","hash":"0856f5cb2b066b0db26d00f51627838e9138ff2b"}
,"/media/hazem/9EDED1C5DED1963D/Hazem/Coding/Redux/redux-starter/src/store/configureStore.js": {"path":"/media/hazem/9EDED1C5DED1963D/Hazem/Coding/Redux/redux-starter/src/store/configureStore.js","statementMap":{"0":{"start":{"line":10,"column":2},"end":{"line":14,"column":5}},"1":{"start":{"line":12,"column":40},"end":{"line":12,"column":88}}},"fnMap":{"0":{"name":"(anonymous_0)","decl":{"start":{"line":9,"column":15},"end":{"line":9,"column":16}},"loc":{"start":{"line":9,"column":27},"end":{"line":15,"column":1}},"line":9},"1":{"name":"(anonymous_1)","decl":{"start":{"line":12,"column":16},"end":{"line":12,"column":17}},"loc":{"start":{"line":12,"column":40},"end":{"line":12,"column":88}},"line":12}},"branchMap":{},"s":{"0":5,"1":5},"f":{"0":5,"1":5},"b":{},"_coverageSchema":"1a1c01bbd47fc00a2c39e90264f33305004495a9","hash":"07895834f365b21a22ee28ce8861c400d683b223"}
,"/media/hazem/9EDED1C5DED1963D/Hazem/Coding/Redux/redux-starter/src/store/entities.js": {"path":"/media/hazem/9EDED1C5DED1963D/Hazem/Coding/Redux/redux-starter/src/store/entities.js","statementMap":{},"fnMap":{},"branchMap":{},"s":{},"f":{},"b":{},"_coverageSchema":"1a1c01bbd47fc00a2c39e90264f33305004495a9","hash":"5096a57643bfdf49f8bb906a4aa1911b9477d386"}
,"/media/hazem/9EDED1C5DED1963D/Hazem/Coding/Redux/redux-starter/src/store/projects.js": {"path":"/media/hazem/9EDED1C5DED1963D/Hazem/Coding/Redux/redux-starter/src/store/projects.js","statementMap":{"0":{"start":{"line":3,"column":13},"end":{"line":3,"column":14}},"1":{"start":{"line":4,"column":14},"end":{"line":19,"column":2}},"2":{"start":{"line":9,"column":6},"end":{"line":12,"column":9}},"3":{"start":{"line":16,"column":6},"end":{"line":16,"column":76}},"4":{"start":{"line":16,"column":42},"end":{"line":16,"column":74}},"5":{"start":{"line":21,"column":48},"end":{"line":21,"column":61}}},"fnMap":{"0":{"name":"(anonymous_0)","decl":{"start":{"line":8,"column":18},"end":{"line":8,"column":19}},"loc":{"start":{"line":8,"column":40},"end":{"line":13,"column":5}},"line":8},"1":{"name":"(anonymous_1)","decl":{"start":{"line":15,"column":20},"end":{"line":15,"column":21}},"loc":{"start":{"line":15,"column":42},"end":{"line":17,"column":5}},"line":15},"2":{"name":"(anonymous_2)","decl":{"start":{"line":16,"column":29},"end":{"line":16,"column":30}},"loc":{"start":{"line":16,"column":42},"end":{"line":16,"column":74}},"line":16}},"branchMap":{},"s":{"0":1,"1":1,"2":0,"3":0,"4":0,"5":1},"f":{"0":0,"1":0,"2":0},"b":{},"_coverageSchema":"1a1c01bbd47fc00a2c39e90264f33305004495a9","hash":"967783f78b8bdcfdfdb4c90221f2ebb0f2067e8f"}
,"/media/hazem/9EDED1C5DED1963D/Hazem/Coding/Redux/redux-starter/src/store/reducer.js": {"path":"/media/hazem/9EDED1C5DED1963D/Hazem/Coding/Redux/redux-starter/src/store/reducer.js","statementMap":{},"fnMap":{},"branchMap":{},"s":{},"f":{},"b":{},"_coverageSchema":"1a1c01bbd47fc00a2c39e90264f33305004495a9","hash":"42b4b8ece4f1d347ce38ae1b9c6f8e887863baf1"}
,"/media/hazem/9EDED1C5DED1963D/Hazem/Coding/Redux/redux-starter/src/store/users.js": {"path":"/media/hazem/9EDED1C5DED1963D/Hazem/Coding/Redux/redux-starter/src/store/users.js","statementMap":{"0":{"start":{"line":3,"column":13},"end":{"line":3,"column":14}},"1":{"start":{"line":4,"column":14},"end":{"line":18,"column":2}},"2":{"start":{"line":9,"column":6},"end":{"line":12,"column":9}},"3":{"start":{"line":15,"column":6},"end":{"line":15,"column":67}},"4":{"start":{"line":15,"column":36},"end":{"line":15,"column":65}},"5":{"start":{"line":20,"column":42},"end":{"line":20,"column":55}}},"fnMap":{"0":{"name":"(anonymous_0)","decl":{"start":{"line":8,"column":15},"end":{"line":8,"column":16}},"loc":{"start":{"line":8,"column":34},"end":{"line":13,"column":5}},"line":8},"1":{"name":"(anonymous_1)","decl":{"start":{"line":14,"column":17},"end":{"line":14,"column":18}},"loc":{"start":{"line":14,"column":36},"end":{"line":16,"column":5}},"line":14},"2":{"name":"(anonymous_2)","decl":{"start":{"line":15,"column":26},"end":{"line":15,"column":27}},"loc":{"start":{"line":15,"column":36},"end":{"line":15,"column":65}},"line":15}},"branchMap":{},"s":{"0":1,"1":1,"2":0,"3":0,"4":0,"5":1},"f":{"0":0,"1":0,"2":0},"b":{},"_coverageSchema":"1a1c01bbd47fc00a2c39e90264f33305004495a9","hash":"71183c5243870e962727d255594e873de6aa3b30"}
,"/media/hazem/9EDED1C5DED1963D/Hazem/Coding/Redux/redux-starter/src/store/middleware/api.js": {"path":"/media/hazem/9EDED1C5DED1963D/Hazem/Coding/Redux/redux-starter/src/store/middleware/api.js","statementMap":{"0":{"start":{"line":4,"column":2},"end":{"line":38,"column":3}},"1":{"start":{"line":5,"column":2},"end":{"line":38,"column":3}},"2":{"start":{"line":6,"column":2},"end":{"line":38,"column":3}},"3":{"start":{"line":7,"column":4},"end":{"line":7,"column":61}},"4":{"start":{"line":7,"column":41},"end":{"line":7,"column":61}},"5":{"start":{"line":10,"column":61},"end":{"line":10,"column":75}},"6":{"start":{"line":12,"column":4},"end":{"line":14,"column":5}},"7":{"start":{"line":13,"column":6},"end":{"line":13,"column":34}},"8":{"start":{"line":15,"column":4},"end":{"line":15,"column":17}},"9":{"start":{"line":17,"column":4},"end":{"line":37,"column":5}},"10":{"start":{"line":18,"column":23},"end":{"line":23,"column":8}},"11":{"start":{"line":26,"column":6},"end":{"line":26,"column":54}},"12":{"start":{"line":28,"column":6},"end":{"line":30,"column":7}},"13":{"start":{"line":29,"column":8},"end":{"line":29,"column":62}},"14":{"start":{"line":33,"column":6},"end":{"line":33,"column":53}},"15":{"start":{"line":34,"column":6},"end":{"line":36,"column":7}},"16":{"start":{"line":35,"column":8},"end":{"line":35,"column":60}}},"fnMap":{"0":{"name":"(anonymous_0)","decl":{"start":{"line":4,"column":2},"end":{"line":4,"column":3}},"loc":{"start":{"line":5,"column":2},"end":{"line":38,"column":3}},"line":5},"1":{"name":"(anonymous_1)","decl":{"start":{"line":5,"column":2},"end":{"line":5,"column":3}},"loc":{"start":{"line":6,"column":2},"end":{"line":38,"column":3}},"line":6},"2":{"name":"(anonymous_2)","decl":{"start":{"line":6,"column":2},"end":{"line":6,"column":3}},"loc":{"start":{"line":6,"column":20},"end":{"line":38,"column":3}},"line":6}},"branchMap":{"0":{"loc":{"start":{"line":7,"column":4},"end":{"line":7,"column":61}},"type":"if","locations":[{"start":{"line":7,"column":4},"end":{"line":7,"column":61}},{"start":{},"end":{}}],"line":7},"1":{"loc":{"start":{"line":12,"column":4},"end":{"line":14,"column":5}},"type":"if","locations":[{"start":{"line":12,"column":4},"end":{"line":14,"column":5}},{"start":{},"end":{}}],"line":12},"2":{"loc":{"start":{"line":28,"column":6},"end":{"line":30,"column":7}},"type":"if","locations":[{"start":{"line":28,"column":6},"end":{"line":30,"column":7}},{"start":{},"end":{}}],"line":28},"3":{"loc":{"start":{"line":34,"column":6},"end":{"line":36,"column":7}},"type":"if","locations":[{"start":{"line":34,"column":6},"end":{"line":36,"column":7}},{"start":{},"end":{}}],"line":34}},"s":{"0":1,"1":5,"2":5,"3":16,"4":10,"5":6,"6":6,"7":0,"8":6,"9":6,"10":6,"11":4,"12":4,"13":4,"14":2,"15":2,"16":0},"f":{"0":5,"1":5,"2":16},"b":{"0":[10,6],"1":[0,6],"2":[4,0],"3":[0,2]},"_coverageSchema":"1a1c01bbd47fc00a2c39e90264f33305004495a9","hash":"39bae227d8dc14d386cd287edb82cc069ee84d25"}
,"/media/hazem/9EDED1C5DED1963D/Hazem/Coding/Redux/redux-starter/src/store/middleware/func.js": {"path":"/media/hazem/9EDED1C5DED1963D/Hazem/Coding/Redux/redux-starter/src/store/middleware/func.js","statementMap":{"0":{"start":{"line":2,"column":2},"end":{"line":8,"column":3}},"1":{"start":{"line":3,"column":2},"end":{"line":8,"column":3}},"2":{"start":{"line":4,"column":2},"end":{"line":8,"column":3}},"3":{"start":{"line":5,"column":4},"end":{"line":7,"column":24}},"4":{"start":{"line":6,"column":6},"end":{"line":6,"column":33}},"5":{"start":{"line":7,"column":11},"end":{"line":7,"column":24}}},"fnMap":{"0":{"name":"(anonymous_0)","decl":{"start":{"line":2,"column":2},"end":{"line":2,"column":3}},"loc":{"start":{"line":3,"column":2},"end":{"line":8,"column":3}},"line":3},"1":{"name":"(anonymous_1)","decl":{"start":{"line":3,"column":2},"end":{"line":3,"column":3}},"loc":{"start":{"line":4,"column":2},"end":{"line":8,"column":3}},"line":4},"2":{"name":"(anonymous_2)","decl":{"start":{"line":4,"column":2},"end":{"line":4,"column":3}},"loc":{"start":{"line":4,"column":14},"end":{"line":8,"column":3}},"line":4}},"branchMap":{"0":{"loc":{"start":{"line":5,"column":4},"end":{"line":7,"column":24}},"type":"if","locations":[{"start":{"line":5,"column":4},"end":{"line":7,"column":24}},{"start":{"line":7,"column":11},"end":{"line":7,"column":24}}],"line":5}},"s":{"0":1,"1":0,"2":0,"3":0,"4":0,"5":0},"f":{"0":0,"1":0,"2":0},"b":{"0":[0,0]},"_coverageSchema":"1a1c01bbd47fc00a2c39e90264f33305004495a9","hash":"18a5a537daf866e7d3a964188b57c71c48b7b148"}
,"/media/hazem/9EDED1C5DED1963D/Hazem/Coding/Redux/redux-starter/src/store/middleware/logger.js": {"path":"/media/hazem/9EDED1C5DED1963D/Hazem/Coding/Redux/redux-starter/src/store/middleware/logger.js","statementMap":{"0":{"start":{"line":1,"column":15},"end":{"line":4,"column":1}},"1":{"start":{"line":1,"column":26},"end":{"line":4,"column":1}},"2":{"start":{"line":1,"column":36},"end":{"line":4,"column":1}},"3":{"start":{"line":2,"column":2},"end":{"line":2,"column":24}},"4":{"start":{"line":3,"column":2},"end":{"line":3,"column":22}}},"fnMap":{"0":{"name":"(anonymous_0)","decl":{"start":{"line":1,"column":15},"end":{"line":1,"column":16}},"loc":{"start":{"line":1,"column":26},"end":{"line":4,"column":1}},"line":1},"1":{"name":"(anonymous_1)","decl":{"start":{"line":1,"column":26},"end":{"line":1,"column":27}},"loc":{"start":{"line":1,"column":36},"end":{"line":4,"column":1}},"line":1},"2":{"name":"(anonymous_2)","decl":{"start":{"line":1,"column":36},"end":{"line":1,"column":37}},"loc":{"start":{"line":1,"column":48},"end":{"line":4,"column":1}},"line":1}},"branchMap":{},"s":{"0":1,"1":5,"2":5,"3":16,"4":16},"f":{"0":5,"1":5,"2":16},"b":{},"_coverageSchema":"1a1c01bbd47fc00a2c39e90264f33305004495a9","hash":"4ec14fb6d5fac1edb288cc4d9a51930352e1354f"}
,"/media/hazem/9EDED1C5DED1963D/Hazem/Coding/Redux/redux-starter/src/utils/time.js": {"path":"/media/hazem/9EDED1C5DED1963D/Hazem/Coding/Redux/redux-starter/src/utils/time.js","statementMap":{"0":{"start":{"line":3,"column":31},"end":{"line":6,"column":1}},"1":{"start":{"line":4,"column":24},"end":{"line":4,"column":67}},"2":{"start":{"line":5,"column":2},"end":{"line":5,"column":44}}},"fnMap":{"0":{"name":"(anonymous_0)","decl":{"start":{"line":3,"column":31},"end":{"line":3,"column":32}},"loc":{"start":{"line":3,"column":66},"end":{"line":6,"column":1}},"line":3}},"branchMap":{},"s":{"0":1,"1":0,"2":0},"f":{"0":0},"b":{},"_coverageSchema":"1a1c01bbd47fc00a2c39e90264f33305004495a9","hash":"2252e484c3dce470b6b19e6073e8ab96604be361"}
}
